
> backend@1.0.0 start
> node app.js

Servidor API (Backend) ejecutándose en modo development en el puerto 3000
MongoDB Conectado en: ac-amtxaab-shard-00-01.e4hnh5b.mongodb.net:27017
DEBUG: URI de conexión MongoDB usada por el backend: ac-amtxaab-shard-00-01.e4hnh5b.mongodb.net:27017
GET /api/categorias - 2025-09-01T22:03:57.394Z
GET /api/expertos?limit=50 - 2025-09-01T22:03:57.495Z
GET /api/categorias - 2025-09-01T22:04:24.711Z
GET /api/expertos?limit=50 - 2025-09-01T22:04:24.799Z
GET /api/categorias - 2025-09-01T22:04:33.044Z
GET /api/expertos?limit=50 - 2025-09-01T22:04:33.224Z
GET /api/categorias - 2025-09-01T22:05:47.601Z
GET /api/expertos?limit=50 - 2025-09-01T22:05:47.684Z
GET /api/categorias - 2025-09-01T22:05:48.953Z
GET /api/expertos?limit=50 - 2025-09-01T22:05:49.035Z
GET /api/usuarios/33%40gmail.com - 2025-09-01T22:05:58.433Z
GET /api/usuarios/devuser%40example.com - 2025-09-01T22:06:06.073Z
GET /api/categorias - 2025-09-01T22:06:09.830Z
GET /api/expertos?limit=50 - 2025-09-01T22:06:09.944Z
POST /api/dev/create-admin - 2025-09-01T22:06:16.089Z
GET /api/usuarios/33%40gmail.com - 2025-09-01T22:06:31.596Z
GET /api/usuarios/devuser%40example.com - 2025-09-01T22:06:51.050Z
GET /api/usuarios?roles=experto&limit=200 - 2025-09-01T22:07:33.997Z
GET /api/categorias - 2025-09-01T22:07:40.285Z
GET /api/expertos?limit=50 - 2025-09-01T22:07:40.372Z
PUT /api/usuarios/33%40gmail.com - 2025-09-01T22:09:01.907Z
actualizarUsuarioPorEmailAdmin: updateOne result: {
  acknowledged: true,
  modifiedCount: 1,
  upsertedId: null,
  upsertedCount: 0,
  matchedCount: 1
}
GET /api/categorias - 2025-09-01T22:09:02.283Z
PUT /api/usuarios/34%40gmail.com - 2025-09-01T22:09:02.288Z
GET /api/expertos?limit=50 - 2025-09-01T22:09:02.367Z
actualizarUsuarioPorEmailAdmin: updateOne result: {
  acknowledged: true,
  modifiedCount: 1,
  upsertedId: null,
  upsertedCount: 0,
  matchedCount: 1
}
PUT /api/usuarios/35%40gmail.com - 2025-09-01T22:09:02.621Z
actualizarUsuarioPorEmailAdmin: updateOne result: {
  acknowledged: true,
  modifiedCount: 1,
  upsertedId: null,
  upsertedCount: 0,
  matchedCount: 1
}
GET /api/categorias - 2025-09-01T22:09:02.939Z
PUT /api/usuarios/36%40gmail.com - 2025-09-01T22:09:02.948Z
GET /api/expertos?limit=50 - 2025-09-01T22:09:03.045Z
actualizarUsuarioPorEmailAdmin: updateOne result: {
  acknowledged: true,
  modifiedCount: 1,
  upsertedId: null,
  upsertedCount: 0,
  matchedCount: 1
}
PUT /api/usuarios/27%40gmail.com - 2025-09-01T22:09:03.301Z
actualizarUsuarioPorEmailAdmin: updateOne result: {
  acknowledged: true,
  modifiedCount: 1,
  upsertedId: null,
  upsertedCount: 0,
  matchedCount: 1
}
GET /api/categorias - 2025-09-01T22:09:03.671Z
PUT /api/usuarios/26%40gmail.com - 2025-09-01T22:09:03.683Z
GET /api/expertos?limit=50 - 2025-09-01T22:09:03.754Z
actualizarUsuarioPorEmailAdmin: updateOne result: {
  acknowledged: true,
  modifiedCount: 1,
  upsertedId: null,
  upsertedCount: 0,
  matchedCount: 1
}
PUT /api/usuarios/28%40gmail.com - 2025-09-01T22:09:04.010Z
actualizarUsuarioPorEmailAdmin: updateOne result: {
  acknowledged: true,
  modifiedCount: 1,
  upsertedId: null,
  upsertedCount: 0,
  matchedCount: 1
}
GET /api/categorias - 2025-09-01T22:09:04.348Z
PUT /api/usuarios/30%40gmail.com - 2025-09-01T22:09:04.363Z
GET /api/expertos?limit=50 - 2025-09-01T22:09:04.449Z
actualizarUsuarioPorEmailAdmin: updateOne result: {
  acknowledged: true,
  modifiedCount: 1,
  upsertedId: null,
  upsertedCount: 0,
  matchedCount: 1
}
PUT /api/usuarios/min_expert%40example.com - 2025-09-01T22:09:04.740Z
actualizarUsuarioPorEmailAdmin: updateOne result: {
  acknowledged: true,
  modifiedCount: 1,
  upsertedId: null,
  upsertedCount: 0,
  matchedCount: 1
}
GET /api/categorias - 2025-09-01T22:09:05.077Z
PUT /api/usuarios/min_expert2%40example.com - 2025-09-01T22:09:05.099Z
GET /api/expertos?limit=50 - 2025-09-01T22:09:05.159Z
actualizarUsuarioPorEmailAdmin: updateOne result: {
  acknowledged: true,
  modifiedCount: 1,
  upsertedId: null,
  upsertedCount: 0,
  matchedCount: 1
}
PUT /api/usuarios/min_expert3%40example.com - 2025-09-01T22:09:05.478Z
actualizarUsuarioPorEmailAdmin: updateOne result: {
  acknowledged: true,
  modifiedCount: 1,
  upsertedId: null,
  upsertedCount: 0,
  matchedCount: 1
}
GET /api/categorias - 2025-09-01T22:09:05.800Z
PUT /api/usuarios/min_expert4%40example.com - 2025-09-01T22:09:05.809Z
GET /api/expertos?limit=50 - 2025-09-01T22:09:05.881Z
actualizarUsuarioPorEmailAdmin: updateOne result: {
  acknowledged: true,
  modifiedCount: 1,
  upsertedId: null,
  upsertedCount: 0,
  matchedCount: 1
}
GET /api/expertos?limit=20 - 2025-09-01T22:09:07.250Z
GET /api/categorias - 2025-09-01T22:09:13.012Z
GET /api/expertos?limit=50 - 2025-09-01T22:09:13.092Z
PUT /api/usuarios/33%40gmail.com - 2025-09-01T22:09:23.779Z
actualizarUsuarioPorEmailAdmin: updateOne result: {
  acknowledged: true,
  modifiedCount: 1,
  upsertedId: null,
  upsertedCount: 0,
  matchedCount: 1
}
GET /api/categorias - 2025-09-01T22:09:24.125Z
PUT /api/usuarios/34%40gmail.com - 2025-09-01T22:09:24.134Z
GET /api/expertos?limit=50 - 2025-09-01T22:09:24.207Z
actualizarUsuarioPorEmailAdmin: updateOne result: {
  acknowledged: true,
  modifiedCount: 1,
  upsertedId: null,
  upsertedCount: 0,
  matchedCount: 1
}
PUT /api/usuarios/35%40gmail.com - 2025-09-01T22:09:24.505Z
actualizarUsuarioPorEmailAdmin: updateOne result: {
  acknowledged: true,
  modifiedCount: 1,
  upsertedId: null,
  upsertedCount: 0,
  matchedCount: 1
}
GET /api/categorias - 2025-09-01T22:09:24.835Z
PUT /api/usuarios/36%40gmail.com - 2025-09-01T22:09:24.849Z
GET /api/expertos?limit=50 - 2025-09-01T22:09:24.917Z
actualizarUsuarioPorEmailAdmin: updateOne result: {
  acknowledged: true,
  modifiedCount: 1,
  upsertedId: null,
  upsertedCount: 0,
  matchedCount: 1
}
PUT /api/usuarios/27%40gmail.com - 2025-09-01T22:09:25.250Z
actualizarUsuarioPorEmailAdmin: updateOne result: {
  acknowledged: true,
  modifiedCount: 1,
  upsertedId: null,
  upsertedCount: 0,
  matchedCount: 1
}
GET /api/categorias - 2025-09-01T22:09:25.623Z
PUT /api/usuarios/26%40gmail.com - 2025-09-01T22:09:25.638Z
GET /api/expertos?limit=50 - 2025-09-01T22:09:25.709Z
actualizarUsuarioPorEmailAdmin: updateOne result: {
  acknowledged: true,
  modifiedCount: 1,
  upsertedId: null,
  upsertedCount: 0,
  matchedCount: 1
}
PUT /api/usuarios/28%40gmail.com - 2025-09-01T22:09:26.038Z
actualizarUsuarioPorEmailAdmin: updateOne result: {
  acknowledged: true,
  modifiedCount: 1,
  upsertedId: null,
  upsertedCount: 0,
  matchedCount: 1
}
GET /api/categorias - 2025-09-01T22:09:26.383Z
PUT /api/usuarios/30%40gmail.com - 2025-09-01T22:09:26.427Z
GET /api/expertos?limit=50 - 2025-09-01T22:09:26.471Z
actualizarUsuarioPorEmailAdmin: updateOne result: {
  acknowledged: true,
  modifiedCount: 1,
  upsertedId: null,
  upsertedCount: 0,
  matchedCount: 1
}
PUT /api/usuarios/min_expert%40example.com - 2025-09-01T22:09:26.770Z
actualizarUsuarioPorEmailAdmin: updateOne result: {
  acknowledged: true,
  modifiedCount: 1,
  upsertedId: null,
  upsertedCount: 0,
  matchedCount: 1
}
GET /api/categorias - 2025-09-01T22:09:27.106Z
PUT /api/usuarios/min_expert2%40example.com - 2025-09-01T22:09:27.149Z
GET /api/expertos?limit=50 - 2025-09-01T22:09:27.192Z
actualizarUsuarioPorEmailAdmin: updateOne result: {
  acknowledged: true,
  modifiedCount: 1,
  upsertedId: null,
  upsertedCount: 0,
  matchedCount: 1
}
PUT /api/usuarios/min_expert3%40example.com - 2025-09-01T22:09:27.503Z
actualizarUsuarioPorEmailAdmin: updateOne result: {
  acknowledged: true,
  modifiedCount: 1,
  upsertedId: null,
  upsertedCount: 0,
  matchedCount: 1
}
GET /api/categorias - 2025-09-01T22:09:27.861Z
PUT /api/usuarios/min_expert4%40example.com - 2025-09-01T22:09:27.869Z
GET /api/expertos?limit=50 - 2025-09-01T22:09:27.945Z
actualizarUsuarioPorEmailAdmin: updateOne result: {
  acknowledged: true,
  modifiedCount: 1,
  upsertedId: null,
  upsertedCount: 0,
  matchedCount: 1
}
GET /api/categorias - 2025-09-01T22:09:30.773Z
GET /api/expertos?limit=50 - 2025-09-01T22:09:30.853Z
GET /api/categorias - 2025-09-01T22:09:45.468Z
GET /api/expertos?limit=50 - 2025-09-01T22:09:45.575Z
GET /api/expertos?limit=50 - 2025-09-01T22:09:49.800Z
GET /api/expertos?limit=50 - 2025-09-01T22:10:05.151Z
GET /api/categorias - 2025-09-01T22:10:07.739Z
GET /api/expertos?limit=50 - 2025-09-01T22:10:07.819Z
GET /api/categorias - 2025-09-01T22:10:18.901Z
GET /api/expertos?limit=50 - 2025-09-01T22:10:18.998Z
GET /api/usuarios?roles=experto&limit=500 - 2025-09-01T22:13:27.223Z
GET /api/expertos?limit=500 - 2025-09-01T22:13:27.504Z
GET /api/categorias - 2025-09-01T22:14:58.549Z
GET /api/expertos?limit=50 - 2025-09-01T22:14:58.631Z
GET /api/categorias - 2025-09-01T22:15:13.048Z
GET /api/expertos?limit=50 - 2025-09-01T22:15:13.130Z
GET /api/categorias - 2025-09-01T22:15:24.914Z
GET /api/expertos?limit=50 - 2025-09-01T22:15:25.007Z
GET /api/categorias - 2025-09-01T22:16:08.032Z
GET /api/expertos?limit=50 - 2025-09-01T22:16:08.168Z
GET /api/categorias - 2025-09-01T22:16:09.322Z
GET /api/expertos?limit=50 - 2025-09-01T22:16:09.404Z
GET /api/categorias - 2025-09-01T22:16:10.823Z
GET /api/expertos?limit=50 - 2025-09-01T22:16:10.909Z
GET /api/categorias - 2025-09-01T22:16:16.092Z
GET /api/expertos?limit=50 - 2025-09-01T22:16:16.183Z
GET /api/categorias - 2025-09-01T22:16:19.912Z
GET /api/expertos?limit=50 - 2025-09-01T22:16:20.002Z
GET /api/categorias - 2025-09-01T22:19:53.082Z
GET /api/expertos?limit=50 - 2025-09-01T22:19:53.164Z
GET /api/categorias - 2025-09-01T22:20:07.243Z
GET /api/expertos?limit=50 - 2025-09-01T22:20:07.380Z
GET /api/categorias - 2025-09-01T22:20:35.411Z
GET /api/expertos?limit=50 - 2025-09-01T22:20:35.504Z
GET /api/categorias - 2025-09-01T22:20:38.703Z
GET /api/expertos?limit=50 - 2025-09-01T22:20:38.787Z
GET /api/categorias - 2025-09-01T22:20:41.013Z
GET /api/expertos?limit=50 - 2025-09-01T22:20:41.105Z
GET /api/expertos?limit=50 - 2025-09-01T22:20:55.307Z
GET /api/categorias - 2025-09-01T22:20:58.643Z
GET /api/expertos?limit=50 - 2025-09-01T22:20:58.723Z
GET /api/categorias - 2025-09-01T22:21:01.077Z
GET /api/expertos?limit=50 - 2025-09-01T22:21:01.160Z
GET /api/expertos?limit=50 - 2025-09-01T22:21:57.070Z
GET /api/categorias - 2025-09-01T22:22:04.274Z
GET /api/expertos?limit=50 - 2025-09-01T22:22:04.354Z
GET /api/categorias - 2025-09-01T22:22:07.191Z
GET /api/expertos?limit=50 - 2025-09-01T22:22:07.283Z
GET /api/categorias - 2025-09-01T22:22:28.089Z
GET /api/expertos?limit=50 - 2025-09-01T22:22:28.170Z
GET /api/categorias - 2025-09-01T22:22:46.699Z
GET /api/expertos?limit=50 - 2025-09-01T22:22:46.785Z
GET /api/categorias - 2025-09-01T22:22:58.217Z
GET /api/expertos?limit=50 - 2025-09-01T22:22:58.300Z
GET /api/categorias - 2025-09-01T22:23:06.813Z
GET /api/expertos?limit=50 - 2025-09-01T22:23:06.952Z
GET /api/categorias - 2025-09-01T22:23:11.505Z
GET /api/expertos?limit=50 - 2025-09-01T22:23:11.598Z
GET /api/categorias - 2025-09-01T22:24:14.941Z
GET /api/expertos?limit=50 - 2025-09-01T22:24:15.021Z
GET /api/expertos?limit=50 - 2025-09-01T22:24:15.300Z
GET /api/categorias - 2025-09-01T22:24:30.527Z
GET /api/expertos?limit=50 - 2025-09-01T22:24:30.608Z
GET /api/categorias - 2025-09-01T22:24:43.987Z
GET /api/expertos?limit=50 - 2025-09-01T22:24:44.068Z
GET /api/categorias - 2025-09-01T22:25:09.054Z
GET /api/expertos?limit=50 - 2025-09-01T22:25:09.134Z
GET /api/categorias - 2025-09-01T22:25:10.273Z
GET /api/expertos?limit=50 - 2025-09-01T22:25:10.353Z
GET /api/categorias - 2025-09-01T22:25:18.966Z
GET /api/expertos?limit=50 - 2025-09-01T22:25:19.053Z
GET /api/categorias - 2025-09-01T22:25:29.168Z
GET /api/expertos?limit=50 - 2025-09-01T22:25:29.308Z
GET /api/categorias - 2025-09-01T22:25:39.431Z
GET /api/expertos?limit=50 - 2025-09-01T22:25:39.513Z
GET /api/categorias - 2025-09-01T22:25:48.354Z
GET /api/expertos?limit=50 - 2025-09-01T22:25:48.443Z
GET /api/categorias - 2025-09-01T22:25:52.079Z
GET /api/expertos?limit=50 - 2025-09-01T22:25:52.177Z
GET /api/categorias - 2025-09-01T22:27:50.091Z
GET /api/expertos?limit=50 - 2025-09-01T22:27:50.173Z
GET /api/categorias - 2025-09-01T22:28:31.681Z
GET /api/expertos?limit=50 - 2025-09-01T22:28:31.762Z
GET /api/categorias - 2025-09-01T22:29:12.256Z
GET /api/expertos?limit=50 - 2025-09-01T22:29:12.340Z
GET /api/categorias - 2025-09-01T22:29:47.960Z
GET /api/expertos?limit=50 - 2025-09-01T22:29:48.042Z
GET /api/categorias - 2025-09-01T22:29:52.477Z
GET /api/expertos?limit=50 - 2025-09-01T22:29:52.608Z
GET /api/categorias - 2025-09-01T22:29:54.022Z
GET /api/expertos?limit=50 - 2025-09-01T22:29:54.101Z
GET /api/categorias - 2025-09-01T22:29:57.363Z
GET /api/expertos?limit=50 - 2025-09-01T22:29:57.445Z
GET /api/categorias - 2025-09-01T22:30:01.203Z
GET /api/expertos?limit=50 - 2025-09-01T22:30:01.284Z
GET /api/categorias - 2025-09-01T22:30:03.836Z
GET /api/expertos?limit=50 - 2025-09-01T22:30:03.917Z
GET /api/categorias - 2025-09-01T22:30:08.992Z
GET /api/expertos?limit=50 - 2025-09-01T22:30:09.074Z
GET /api/categorias - 2025-09-01T22:30:14.204Z
GET /api/expertos?limit=50 - 2025-09-01T22:30:14.284Z
GET /api/categorias - 2025-09-01T22:30:47.264Z
GET /api/expertos?limit=50 - 2025-09-01T22:30:47.344Z
GET /api/categorias - 2025-09-01T22:31:11.758Z
GET /api/expertos?limit=50 - 2025-09-01T22:31:11.842Z
GET /api/categorias - 2025-09-01T22:31:36.463Z
GET /api/expertos?limit=50 - 2025-09-01T22:31:36.543Z
GET /api/categorias - 2025-09-01T22:31:43.062Z
GET /api/expertos?limit=50 - 2025-09-01T22:31:43.150Z
GET /api/categorias - 2025-09-01T22:31:56.853Z
GET /api/expertos?limit=50 - 2025-09-01T22:31:56.963Z
GET /api/categorias - 2025-09-01T22:32:12.282Z
GET /api/expertos?limit=50 - 2025-09-01T22:32:12.363Z
OPTIONS /api/usuarios/login - 2025-09-01T22:38:48.243Z
POST /api/usuarios/login - 2025-09-01T22:38:48.246Z
OPTIONS /api/usuarios/registro - 2025-09-01T22:39:47.854Z
POST /api/usuarios/registro - 2025-09-01T22:39:47.855Z
OPTIONS /api/usuarios/registro - 2025-09-01T22:39:56.758Z
POST /api/usuarios/registro - 2025-09-01T22:39:56.760Z
OPTIONS /api/usuarios/registro - 2025-09-01T22:40:07.036Z
POST /api/usuarios/registro - 2025-09-01T22:40:07.040Z
OPTIONS /api/usuarios/registro - 2025-09-01T22:40:12.426Z
POST /api/usuarios/registro - 2025-09-01T22:40:12.428Z
OPTIONS /api/usuarios/registro - 2025-09-01T22:40:18.394Z
POST /api/usuarios/registro - 2025-09-01T22:40:18.397Z
OPTIONS /api/usuarios/login - 2025-09-01T22:40:41.959Z
POST /api/usuarios/login - 2025-09-01T22:40:41.983Z
GET /api/categorias - 2025-09-01T22:40:47.200Z
GET /api/especialidades - 2025-09-01T22:40:47.291Z
GET /api/habilidades - 2025-09-01T22:40:47.372Z
GET /api/categorias - 2025-09-01T22:42:13.519Z
GET /api/expertos?limit=50 - 2025-09-01T22:42:13.601Z
GET /api/categorias - 2025-09-01T22:42:17.982Z
GET /api/expertos?limit=50 - 2025-09-01T22:42:18.068Z
GET /api/categorias - 2025-09-01T22:42:26.408Z
GET /api/expertos?limit=50 - 2025-09-01T22:42:26.493Z
OPTIONS /api/usuarios/login - 2025-09-01T22:43:36.558Z
POST /api/usuarios/login - 2025-09-01T22:43:36.559Z
GET /api/categorias - 2025-09-01T22:43:38.241Z
GET /api/especialidades - 2025-09-01T22:43:38.323Z
GET /api/habilidades - 2025-09-01T22:43:38.404Z
GET /api/categorias - 2025-09-01T22:44:47.808Z
GET /api/expertos?limit=50 - 2025-09-01T22:44:47.889Z
GET /api/categorias - 2025-09-01T22:44:59.550Z
GET /api/expertos?limit=50 - 2025-09-01T22:44:59.637Z
GET /api/categorias - 2025-09-01T22:45:31.611Z
GET /api/expertos?limit=50 - 2025-09-01T22:45:31.693Z
GET /api/categorias - 2025-09-01T22:45:41.502Z
GET /api/expertos?limit=50 - 2025-09-01T22:45:41.587Z
GET /api/categorias - 2025-09-01T22:46:17.706Z
GET /api/expertos?limit=50 - 2025-09-01T22:46:17.793Z
GET /api/categorias - 2025-09-01T22:46:34.522Z
GET /api/expertos?limit=50 - 2025-09-01T22:46:34.612Z
GET /api/categorias - 2025-09-01T22:46:35.968Z
GET /api/expertos?limit=50 - 2025-09-01T22:46:36.049Z
GET /api/usuarios/perfil - 2025-09-01T22:46:41.427Z
GET /api/categorias - 2025-09-01T22:46:45.345Z
GET /api/expertos?limit=50 - 2025-09-01T22:46:45.436Z
GET /api/categorias - 2025-09-01T22:47:10.772Z
GET /api/expertos?limit=50 - 2025-09-01T22:47:10.853Z
GET /api/categorias - 2025-09-01T22:47:58.161Z
GET /api/expertos?limit=50 - 2025-09-01T22:47:58.242Z
GET /api/categorias - 2025-09-01T22:48:00.033Z
GET /api/expertos?limit=50 - 2025-09-01T22:48:00.118Z
GET /api/categorias - 2025-09-01T22:58:28.382Z
GET /api/expertos?limit=50 - 2025-09-01T22:58:28.470Z
GET /api/categorias - 2025-09-01T22:59:15.889Z
GET /api/expertos?limit=50 - 2025-09-01T22:59:15.975Z
GET /api/categorias - 2025-09-01T22:59:21.173Z
GET /api/expertos?limit=50 - 2025-09-01T22:59:21.264Z
GET /api/categorias - 2025-09-01T22:59:46.722Z
GET /api/expertos?limit=50 - 2025-09-01T22:59:46.807Z
GET /api/categorias - 2025-09-01T22:59:49.094Z
GET /api/expertos?limit=50 - 2025-09-01T22:59:49.179Z
GET /api/categorias - 2025-09-01T22:59:50.946Z
GET /api/expertos?limit=50 - 2025-09-01T22:59:51.026Z
GET /api/categorias - 2025-09-01T23:00:02.986Z
GET /api/expertos?limit=50 - 2025-09-01T23:00:03.072Z
GET /api/categorias - 2025-09-01T23:01:15.829Z
GET /api/expertos?limit=50 - 2025-09-01T23:01:15.916Z
GET /api/categorias - 2025-09-01T23:01:49.527Z
GET /api/expertos?limit=50 - 2025-09-01T23:01:49.612Z
GET /api/categorias - 2025-09-01T23:02:04.327Z
GET /api/expertos?limit=50 - 2025-09-01T23:02:04.449Z
GET /api/categorias - 2025-09-01T23:04:10.891Z
GET /api/expertos?limit=50 - 2025-09-01T23:04:10.982Z
GET /api/categorias - 2025-09-01T23:05:18.428Z
GET /api/expertos?limit=50 - 2025-09-01T23:05:18.514Z
GET /api/categorias - 2025-09-01T23:07:00.629Z
GET /api/expertos?limit=50 - 2025-09-01T23:07:00.710Z
GET /api/categorias - 2025-09-01T23:07:06.911Z
GET /api/expertos?limit=50 - 2025-09-01T23:07:07.007Z
GET /api/categorias - 2025-09-01T23:07:24.702Z
GET /api/expertos?limit=50 - 2025-09-01T23:07:24.782Z
GET /api/categorias - 2025-09-01T23:07:37.216Z
GET /api/expertos?limit=50 - 2025-09-01T23:07:37.297Z
GET /api/categorias - 2025-09-01T23:07:39.306Z
GET /api/expertos?limit=50 - 2025-09-01T23:07:39.391Z
GET /api/categorias - 2025-09-01T23:08:02.684Z
GET /api/expertos?limit=50 - 2025-09-01T23:08:02.778Z
GET /api/categorias - 2025-09-01T23:09:15.299Z
GET /api/expertos?limit=50 - 2025-09-01T23:09:15.384Z
GET /api/categorias - 2025-09-01T23:09:29.219Z
GET /api/expertos?limit=50 - 2025-09-01T23:09:29.302Z
GET /api/categorias - 2025-09-01T23:09:44.038Z
GET /api/expertos?limit=50 - 2025-09-01T23:09:44.119Z
GET /api/categorias - 2025-09-01T23:09:53.123Z
GET /api/expertos?limit=50 - 2025-09-01T23:09:53.205Z
GET /api/categorias - 2025-09-01T23:09:59.217Z
GET /api/expertos?limit=50 - 2025-09-01T23:09:59.318Z
GET /api/categorias - 2025-09-01T23:10:18.452Z
GET /api/expertos?limit=50 - 2025-09-01T23:10:18.535Z
GET /api/categorias - 2025-09-01T23:10:33.691Z
GET /api/expertos?limit=50 - 2025-09-01T23:10:33.773Z
GET /api/categorias - 2025-09-01T23:10:44.259Z
GET /api/expertos?limit=50 - 2025-09-01T23:10:44.339Z
GET /api/categorias - 2025-09-01T23:10:46.147Z
GET /api/expertos?limit=50 - 2025-09-01T23:10:46.228Z
GET /api/categorias - 2025-09-01T23:11:10.906Z
GET /api/expertos?limit=50 - 2025-09-01T23:11:10.993Z
GET /api/categorias - 2025-09-01T23:11:46.719Z
GET /api/expertos?limit=50 - 2025-09-01T23:11:46.808Z
GET /api/categorias - 2025-09-01T23:12:07.584Z
GET /api/expertos?limit=50 - 2025-09-01T23:12:07.670Z
GET /api/categorias - 2025-09-01T23:12:11.462Z
GET /api/expertos?limit=50 - 2025-09-01T23:12:11.542Z
GET /api/categorias - 2025-09-01T23:12:12.653Z
GET /api/expertos?limit=50 - 2025-09-01T23:12:12.733Z
GET /api/categorias - 2025-09-01T23:12:18.692Z
GET /api/expertos?limit=50 - 2025-09-01T23:12:18.789Z
POST /api/dev/create-admin - 2025-09-01T23:13:11.180Z
GET /api/habilidades - 2025-09-01T23:13:14.114Z
GET /api/categorias - 2025-09-01T23:13:14.195Z
GET /api/dev/expertos-populados?limit=50 - 2025-09-01T23:13:14.277Z
GET /api/categorias - 2025-09-01T23:13:16.662Z
GET /api/categorias - 2025-09-01T23:13:16.679Z
GET /api/usuarios/expertos?page=1&limit=7 - 2025-09-01T23:13:16.771Z
GET /api/habilidades - 2025-09-01T23:13:21.337Z
GET /api/categorias - 2025-09-01T23:13:21.419Z
GET /api/dev/expertos-populados?limit=50 - 2025-09-01T23:13:21.508Z
GET /api/categorias - 2025-09-01T23:13:23.731Z
GET /api/categorias - 2025-09-01T23:13:23.749Z
GET /api/usuarios/expertos?page=1&limit=7 - 2025-09-01T23:13:23.854Z
GET /api/usuarios/expertos?page=4&limit=7 - 2025-09-01T23:13:36.320Z
DELETE /api/usuarios/expertos/test.put.flow.1756763907689617709%40example.com - 2025-09-01T23:13:49.325Z
GET /api/categorias - 2025-09-01T23:13:49.618Z
GET /api/usuarios/expertos?page=4&limit=7 - 2025-09-01T23:13:49.621Z
GET /api/expertos?limit=50 - 2025-09-01T23:13:49.699Z
DELETE /api/usuarios/expertos/test.put.flow.1756764024171526956%40example.com - 2025-09-01T23:13:53.611Z
GET /api/usuarios/expertos?page=4&limit=7 - 2025-09-01T23:13:53.846Z
GET /api/usuarios/expertos?page=2&limit=7 - 2025-09-01T23:13:56.197Z
DELETE /api/usuarios/expertos/26%40gmail.com - 2025-09-01T23:14:01.215Z
GET /api/usuarios/expertos?page=2&limit=7 - 2025-09-01T23:14:01.467Z
DELETE /api/usuarios/expertos/28%40gmail.com - 2025-09-01T23:14:04.439Z
GET /api/usuarios/expertos?page=2&limit=7 - 2025-09-01T23:14:04.694Z
DELETE /api/usuarios/expertos/30%40gmail.com - 2025-09-01T23:14:08.062Z
GET /api/usuarios/expertos?page=2&limit=7 - 2025-09-01T23:14:08.312Z
DELETE /api/usuarios/expertos/min_expert%40example.com - 2025-09-01T23:14:11.487Z
GET /api/usuarios/expertos?page=2&limit=7 - 2025-09-01T23:14:11.733Z
DELETE /api/usuarios/expertos/min_expert2%40example.com - 2025-09-01T23:14:14.205Z
GET /api/usuarios/expertos?page=2&limit=7 - 2025-09-01T23:14:14.463Z
DELETE /api/usuarios/expertos/min_expert3%40example.com - 2025-09-01T23:14:17.322Z
GET /api/usuarios/expertos?page=2&limit=7 - 2025-09-01T23:14:17.569Z
DELETE /api/usuarios/expertos/min_expert4%40example.com - 2025-09-01T23:14:20.352Z
GET /api/usuarios/expertos?page=2&limit=7 - 2025-09-01T23:14:20.603Z
DELETE /api/usuarios/expertos/min_expert5%40example.com - 2025-09-01T23:14:23.387Z
GET /api/usuarios/expertos?page=2&limit=7 - 2025-09-01T23:14:23.634Z
DELETE /api/usuarios/expertos/31%40gmail.com - 2025-09-01T23:14:26.528Z
GET /api/usuarios/expertos?page=2&limit=7 - 2025-09-01T23:14:26.795Z
DELETE /api/usuarios/expertos/autoadmin_expert3%40example.com - 2025-09-01T23:14:29.711Z
GET /api/usuarios/expertos?page=2&limit=7 - 2025-09-01T23:14:29.956Z
DELETE /api/usuarios/expertos/38%40gmail.com - 2025-09-01T23:14:33.737Z
GET /api/usuarios/expertos?page=2&limit=7 - 2025-09-01T23:14:33.998Z
DELETE /api/usuarios/expertos/test.put.flow.1756763713%40example.com - 2025-09-01T23:14:37.351Z
GET /api/usuarios/expertos?page=2&limit=7 - 2025-09-01T23:14:37.609Z
DELETE /api/usuarios/expertos/test.put.flow.1756763765%40example.com - 2025-09-01T23:14:40.126Z
GET /api/usuarios/expertos?page=2&limit=7 - 2025-09-01T23:14:40.383Z
DELETE /api/usuarios/expertos/test.put.flow.1756763830%40example.com - 2025-09-01T23:14:43.638Z
GET /api/usuarios/expertos?page=2&limit=7 - 2025-09-01T23:14:43.887Z
GET /api/habilidades - 2025-09-01T23:14:45.467Z
GET /api/categorias - 2025-09-01T23:14:45.546Z
GET /api/dev/expertos-populados?limit=50 - 2025-09-01T23:14:45.642Z
GET /api/categorias - 2025-09-01T23:14:47.849Z
GET /api/categorias - 2025-09-01T23:14:47.865Z
GET /api/usuarios/expertos?page=1&limit=7 - 2025-09-01T23:14:47.955Z
DELETE /api/usuarios/expertos/33%40gmail.com - 2025-09-01T23:14:54.691Z
GET /api/usuarios/expertos?page=1&limit=7 - 2025-09-01T23:14:54.941Z
DELETE /api/usuarios/expertos/34%40gmail.com - 2025-09-01T23:14:58.537Z
GET /api/usuarios/expertos?page=1&limit=7 - 2025-09-01T23:14:58.797Z
GET /api/habilidades - 2025-09-01T23:15:00.790Z
GET /api/categorias - 2025-09-01T23:15:00.867Z
GET /api/dev/expertos-populados?limit=50 - 2025-09-01T23:15:00.946Z
GET /api/categorias - 2025-09-01T23:15:03.069Z
GET /api/categorias - 2025-09-01T23:15:03.081Z
GET /api/usuarios/expertos?page=1&limit=7 - 2025-09-01T23:15:03.226Z
DELETE /api/usuarios/expertos/35%40gmail.com - 2025-09-01T23:15:08.638Z
GET /api/usuarios/expertos?page=1&limit=7 - 2025-09-01T23:15:08.901Z
DELETE /api/usuarios/expertos/devuser%40example.com - 2025-09-01T23:15:12.301Z
GET /api/usuarios/expertos?page=1&limit=7 - 2025-09-01T23:15:12.561Z
DELETE /api/usuarios/expertos/36%40gmail.com - 2025-09-01T23:15:15.147Z
GET /api/usuarios/expertos?page=1&limit=7 - 2025-09-01T23:15:15.399Z
DELETE /api/usuarios/expertos/newexpert2%40example.com - 2025-09-01T23:15:18.507Z
GET /api/usuarios/expertos?page=1&limit=7 - 2025-09-01T23:15:18.768Z
GET /api/categorias - 2025-09-01T23:15:19.891Z
GET /api/expertos?limit=50 - 2025-09-01T23:15:19.970Z
GET /api/habilidades - 2025-09-01T23:15:34.702Z
GET /api/categorias - 2025-09-01T23:15:34.785Z
GET /api/dev/expertos-populados?limit=50 - 2025-09-01T23:15:34.878Z
GET /api/categorias - 2025-09-01T23:15:37.055Z
GET /api/categorias - 2025-09-01T23:15:37.064Z
GET /api/usuarios/expertos?page=1&limit=7 - 2025-09-01T23:15:37.170Z
DELETE /api/usuarios/expertos/27%40gmail.com - 2025-09-01T23:15:40.628Z
GET /api/usuarios/expertos?page=1&limit=7 - 2025-09-01T23:15:40.876Z
GET /api/habilidades - 2025-09-01T23:15:42.295Z
GET /api/categorias - 2025-09-01T23:15:42.372Z
GET /api/dev/expertos-populados?limit=50 - 2025-09-01T23:15:42.453Z
GET /api/usuarios/expertos?limit=50 - 2025-09-01T23:15:44.436Z
GET /api/categorias - 2025-09-01T23:15:44.755Z
GET /api/categorias - 2025-09-01T23:15:44.766Z
GET /api/usuarios/expertos?page=1&limit=7 - 2025-09-01T23:15:44.877Z
POST /api/usuarios/registro - 2025-09-01T23:17:35.402Z
PUT /api/usuarios/40%40gmail.com - 2025-09-01T23:17:35.675Z
actualizarUsuarioPorEmailAdmin: updateOne result: {
  acknowledged: true,
  modifiedCount: 1,
  upsertedId: null,
  upsertedCount: 0,
  matchedCount: 1
}
GET /api/usuarios/expertos?page=1&limit=7 - 2025-09-01T23:17:36.019Z
GET /api/habilidades - 2025-09-01T23:17:47.449Z
GET /api/categorias - 2025-09-01T23:17:47.542Z
GET /api/dev/expertos-populados?limit=50 - 2025-09-01T23:17:47.629Z
GET /api/categorias - 2025-09-01T23:17:49.801Z
GET /api/categorias - 2025-09-01T23:17:49.811Z
GET /api/usuarios/expertos?page=1&limit=7 - 2025-09-01T23:17:49.975Z
GET /api/categorias - 2025-09-01T23:17:51.201Z
GET /api/expertos?limit=50 - 2025-09-01T23:17:51.281Z
GET /api/categorias - 2025-09-01T23:18:08.616Z
GET /api/expertos?limit=50 - 2025-09-01T23:18:08.702Z
GET /api/categorias - 2025-09-01T23:18:22.391Z
GET /api/expertos?limit=50 - 2025-09-01T23:18:22.491Z
GET /api/categorias - 2025-09-01T23:18:41.124Z
GET /api/expertos?limit=50 - 2025-09-01T23:18:41.206Z
GET /api/categorias - 2025-09-01T23:20:03.497Z
GET /api/expertos?limit=50 - 2025-09-01T23:20:03.584Z
GET /api/categorias - 2025-09-01T23:20:05.549Z
GET /api/expertos?limit=50 - 2025-09-01T23:20:05.630Z
GET /api/categorias - 2025-09-01T23:20:07.726Z
GET /api/expertos?limit=50 - 2025-09-01T23:20:07.807Z
GET /api/categorias - 2025-09-01T23:20:13.428Z
GET /api/expertos?limit=50 - 2025-09-01T23:20:13.509Z
GET /api/categorias - 2025-09-01T23:20:30.198Z
GET /api/expertos?limit=50 - 2025-09-01T23:20:30.321Z
GET /api/categorias - 2025-09-01T23:20:51.351Z
GET /api/expertos?limit=50 - 2025-09-01T23:20:51.461Z
GET /api/categorias - 2025-09-01T23:21:24.678Z
GET /api/expertos?limit=50 - 2025-09-01T23:21:24.759Z
GET /api/categorias - 2025-09-01T23:21:38.502Z
GET /api/expertos?limit=50 - 2025-09-01T23:21:38.588Z
GET /api/categorias - 2025-09-01T23:21:42.350Z
GET /api/expertos?limit=50 - 2025-09-01T23:21:42.431Z
GET /api/categorias - 2025-09-01T23:22:31.370Z
GET /api/expertos?limit=50 - 2025-09-01T23:22:31.451Z
GET /api/categorias - 2025-09-01T23:22:51.954Z
GET /api/expertos?limit=50 - 2025-09-01T23:22:52.041Z
GET /api/categorias - 2025-09-01T23:23:18.884Z
GET /api/expertos?limit=50 - 2025-09-01T23:23:18.973Z
GET /api/categorias - 2025-09-01T23:23:19.888Z
GET /api/expertos?limit=50 - 2025-09-01T23:23:19.968Z
GET /api/categorias - 2025-09-01T23:23:37.194Z
GET /api/expertos?limit=50 - 2025-09-01T23:23:37.280Z
GET /api/categorias - 2025-09-01T23:23:40.121Z
GET /api/expertos?limit=50 - 2025-09-01T23:23:40.203Z
GET /api/categorias - 2025-09-01T23:24:20.754Z
GET /api/expertos?limit=50 - 2025-09-01T23:24:20.836Z
GET /api/categorias - 2025-09-01T23:24:22.671Z
GET /api/expertos?limit=50 - 2025-09-01T23:24:22.751Z
GET /api/categorias - 2025-09-01T23:24:56.400Z
GET /api/expertos?limit=50 - 2025-09-01T23:24:56.491Z
GET /api/categorias - 2025-09-01T23:25:08.441Z
GET /api/expertos?limit=50 - 2025-09-01T23:25:08.536Z
GET /api/categorias - 2025-09-01T23:25:29.387Z
GET /api/expertos?limit=50 - 2025-09-01T23:25:29.469Z
GET /api/categorias - 2025-09-01T23:26:02.289Z
GET /api/expertos?limit=50 - 2025-09-01T23:26:02.376Z
POST /api/dev/create-admin - 2025-09-01T23:27:51.148Z
GET /api/habilidades - 2025-09-01T23:27:54.098Z
GET /api/categorias - 2025-09-01T23:27:54.188Z
GET /api/dev/expertos-populados?limit=50 - 2025-09-01T23:27:54.274Z
GET /api/categorias - 2025-09-01T23:27:56.632Z
GET /api/categorias - 2025-09-01T23:27:56.643Z
GET /api/usuarios/expertos?page=1&limit=7 - 2025-09-01T23:27:56.723Z
GET /api/categorias - 2025-09-01T23:30:22.961Z
GET /api/expertos?limit=50 - 2025-09-01T23:30:23.042Z
GET /api/categorias - 2025-09-01T23:30:28.110Z
GET /api/expertos?limit=50 - 2025-09-01T23:30:28.249Z
GET /api/categorias - 2025-09-01T23:30:39.275Z
GET /api/expertos?limit=50 - 2025-09-01T23:30:39.355Z
GET /api/categorias - 2025-09-01T23:30:40.842Z
GET /api/expertos?limit=50 - 2025-09-01T23:30:40.922Z
GET /api/categorias - 2025-09-01T23:30:46.829Z
GET /api/expertos?limit=50 - 2025-09-01T23:30:46.918Z
GET /api/categorias - 2025-09-01T23:32:04.108Z
GET /api/expertos?limit=50 - 2025-09-01T23:32:04.189Z
GET /api/categorias - 2025-09-01T23:32:05.550Z
GET /api/expertos?limit=50 - 2025-09-01T23:32:05.629Z
GET /api/categorias - 2025-09-01T23:32:10.980Z
GET /api/expertos?limit=50 - 2025-09-01T23:32:11.061Z
GET /api/categorias - 2025-09-01T23:32:14.300Z
GET /api/expertos?limit=50 - 2025-09-01T23:32:14.379Z
GET /api/categorias - 2025-09-01T23:32:18.326Z
GET /api/expertos?limit=50 - 2025-09-01T23:32:18.404Z
GET /api/categorias - 2025-09-01T23:32:23.036Z
GET /api/expertos?limit=50 - 2025-09-01T23:32:23.116Z
GET /api/categorias - 2025-09-01T23:32:25.494Z
GET /api/expertos?limit=50 - 2025-09-01T23:32:25.574Z
GET /api/categorias - 2025-09-01T23:32:27.259Z
GET /api/expertos?limit=50 - 2025-09-01T23:32:27.337Z
GET /api/categorias - 2025-09-01T23:32:29.905Z
GET /api/expertos?limit=50 - 2025-09-01T23:32:29.984Z
GET /api/categorias - 2025-09-01T23:32:55.647Z
GET /api/expertos?limit=50 - 2025-09-01T23:32:55.726Z
GET /api/categorias - 2025-09-01T23:33:09.246Z
GET /api/expertos?limit=50 - 2025-09-01T23:33:09.332Z
GET /api/categorias - 2025-09-01T23:33:13.258Z
GET /api/expertos?limit=50 - 2025-09-01T23:33:13.338Z
GET /api/categorias - 2025-09-01T23:33:25.374Z
GET /api/expertos?limit=50 - 2025-09-01T23:33:25.470Z
GET /api/categorias - 2025-09-01T23:34:33.424Z
GET /api/expertos?limit=50 - 2025-09-01T23:34:33.505Z
GET /api/categorias - 2025-09-01T23:34:42.783Z
GET /api/expertos?limit=50 - 2025-09-01T23:34:42.864Z
GET /api/categorias - 2025-09-01T23:36:33.661Z
GET /api/expertos?limit=50 - 2025-09-01T23:36:33.759Z
GET /api/categorias - 2025-09-01T23:36:34.588Z
GET /api/expertos?limit=50 - 2025-09-01T23:36:34.668Z
GET /api/categorias - 2025-09-01T23:36:38.350Z
GET /api/expertos?limit=50 - 2025-09-01T23:36:38.432Z
GET /api/categorias - 2025-09-01T23:36:55.197Z
GET /api/expertos?limit=50 - 2025-09-01T23:36:55.283Z
GET /api/categorias - 2025-09-01T23:37:03.651Z
GET /api/expertos?limit=50 - 2025-09-01T23:37:03.732Z
GET /api/categorias - 2025-09-01T23:37:09.237Z
GET /api/expertos?limit=50 - 2025-09-01T23:37:09.317Z
GET /api/categorias - 2025-09-01T23:37:11.507Z
GET /api/expertos?limit=50 - 2025-09-01T23:37:11.586Z
GET /api/categorias - 2025-09-01T23:37:48.306Z
GET /api/expertos?limit=50 - 2025-09-01T23:37:48.414Z
GET /api/categorias - 2025-09-01T23:37:54.769Z
GET /api/expertos?limit=50 - 2025-09-01T23:37:54.851Z
GET /api/categorias - 2025-09-01T23:38:49.299Z
GET /api/expertos?limit=50 - 2025-09-01T23:38:49.434Z
GET /api/categorias - 2025-09-01T23:38:59.692Z
GET /api/expertos?limit=50 - 2025-09-01T23:38:59.771Z
GET /api/expertos - 2025-09-01T23:39:52.026Z
GET /api/expertos - 2025-09-01T23:40:00.985Z
GET /api/categorias - 2025-09-01T23:40:03.367Z
GET /api/expertos?limit=50 - 2025-09-01T23:40:03.447Z
GET /api/categorias - 2025-09-01T23:40:04.593Z
GET /api/expertos?limit=50 - 2025-09-01T23:40:04.674Z
GET /api/categorias - 2025-09-01T23:40:35.377Z
GET /api/expertos?limit=50 - 2025-09-01T23:40:35.465Z
GET /api/categorias - 2025-09-01T23:40:41.828Z
GET /api/expertos?limit=50 - 2025-09-01T23:40:41.950Z
GET /api/categorias - 2025-09-01T23:40:50.359Z
GET /api/expertos?limit=50 - 2025-09-01T23:40:50.440Z
GET /api/categorias - 2025-09-01T23:41:07.923Z
GET /api/expertos?limit=50 - 2025-09-01T23:41:08.003Z
GET /api/categorias - 2025-09-01T23:42:09.852Z
GET /api/expertos?limit=50 - 2025-09-01T23:42:09.933Z
GET /api/categorias - 2025-09-01T23:43:05.090Z
GET /api/expertos?limit=50 - 2025-09-01T23:43:05.176Z
GET /api/categorias - 2025-09-01T23:43:32.557Z
GET /api/expertos?limit=50 - 2025-09-01T23:43:32.655Z
GET /api/categorias - 2025-09-01T23:43:38.256Z
GET /api/expertos?limit=50 - 2025-09-01T23:43:38.337Z
GET /api/categorias - 2025-09-01T23:49:52.496Z
GET /api/expertos?limit=50 - 2025-09-01T23:49:52.586Z
GET /api/categorias - 2025-09-01T23:50:37.157Z
GET /api/expertos?limit=50 - 2025-09-01T23:50:37.237Z
GET /api/categorias - 2025-09-01T23:51:44.874Z
GET /api/expertos?limit=50 - 2025-09-01T23:51:44.959Z
POST /api/dev/create-admin - 2025-09-01T23:51:55.869Z
GET /api/habilidades - 2025-09-01T23:51:58.378Z
GET /api/categorias - 2025-09-01T23:51:58.458Z
GET /api/dev/expertos-populados?limit=50 - 2025-09-01T23:51:58.543Z
GET /api/categorias - 2025-09-01T23:52:00.765Z
GET /api/categorias - 2025-09-01T23:52:00.774Z
GET /api/usuarios/expertos?page=1&limit=7 - 2025-09-01T23:52:00.876Z
DELETE /api/usuarios/expertos/40%40gmail.com - 2025-09-01T23:52:05.399Z
GET /api/categorias - 2025-09-01T23:52:05.675Z
GET /api/usuarios/expertos?page=1&limit=7 - 2025-09-01T23:52:05.678Z
GET /api/expertos?limit=50 - 2025-09-01T23:52:05.754Z
GET /api/habilidades - 2025-09-01T23:52:06.969Z
GET /api/categorias - 2025-09-01T23:52:07.050Z
GET /api/dev/expertos-populados?limit=50 - 2025-09-01T23:52:07.141Z
GET /api/usuarios/expertos?limit=50 - 2025-09-01T23:52:08.986Z
GET /api/categorias - 2025-09-01T23:52:09.301Z
GET /api/categorias - 2025-09-01T23:52:09.310Z
GET /api/usuarios/expertos?page=1&limit=7 - 2025-09-01T23:52:09.397Z
POST /api/usuarios/registro - 2025-09-01T23:53:38.645Z
POST /api/usuarios/registro - 2025-09-01T23:53:48.169Z
PUT /api/usuarios/41%40gmail.com - 2025-09-01T23:53:48.416Z
actualizarUsuarioPorEmailAdmin: updateOne result: {
  acknowledged: true,
  modifiedCount: 1,
  upsertedId: null,
  upsertedCount: 0,
  matchedCount: 1
}
GET /api/usuarios/expertos?page=1&limit=7 - 2025-09-01T23:53:48.756Z
GET /api/categorias - 2025-09-01T23:53:48.820Z
GET /api/expertos?limit=50 - 2025-09-01T23:53:48.903Z
GET /api/categorias - 2025-09-01T23:53:52.585Z
GET /api/expertos?limit=50 - 2025-09-01T23:53:52.679Z
POST /api/usuarios/registro - 2025-09-01T23:55:28.499Z
PUT /api/usuarios/42%40gmail.com - 2025-09-01T23:55:28.768Z
actualizarUsuarioPorEmailAdmin: updateOne result: {
  acknowledged: true,
  modifiedCount: 1,
  upsertedId: null,
  upsertedCount: 0,
  matchedCount: 1
}
GET /api/usuarios/expertos?page=1&limit=7 - 2025-09-01T23:55:29.134Z
GET /api/categorias - 2025-09-01T23:55:29.136Z
GET /api/expertos?limit=50 - 2025-09-01T23:55:29.217Z
GET /api/categorias - 2025-09-01T23:55:31.439Z
GET /api/expertos?limit=50 - 2025-09-01T23:55:31.519Z
GET /api/categorias - 2025-09-02T00:03:10.034Z
GET /api/expertos?limit=50 - 2025-09-02T00:03:10.123Z
GET /api/categorias - 2025-09-02T00:03:21.467Z
GET /api/expertos?limit=50 - 2025-09-02T00:03:21.548Z
GET /api/categorias - 2025-09-02T00:04:44.187Z
GET /api/expertos?limit=50 - 2025-09-02T00:04:44.268Z
GET /api/categorias - 2025-09-02T00:05:09.488Z
GET /api/expertos?limit=50 - 2025-09-02T00:05:09.574Z
POST /api/dev/create-admin - 2025-09-02T00:05:17.943Z
GET /api/habilidades - 2025-09-02T00:05:20.586Z
GET /api/categorias - 2025-09-02T00:05:20.677Z
GET /api/dev/expertos-populados?limit=50 - 2025-09-02T00:05:20.771Z
GET /api/categorias - 2025-09-02T00:05:23.151Z
GET /api/categorias - 2025-09-02T00:05:23.157Z
GET /api/usuarios/expertos?page=1&limit=7 - 2025-09-02T00:05:23.240Z
DELETE /api/usuarios/expertos/41%40gmail.com - 2025-09-02T00:05:28.875Z
GET /api/categorias - 2025-09-02T00:05:29.168Z
GET /api/usuarios/expertos?page=1&limit=7 - 2025-09-02T00:05:29.170Z
GET /api/expertos?limit=50 - 2025-09-02T00:05:29.269Z
DELETE /api/usuarios/expertos/42%40gmail.com - 2025-09-02T00:05:32.497Z
GET /api/categorias - 2025-09-02T00:05:32.785Z
GET /api/usuarios/expertos?page=1&limit=7 - 2025-09-02T00:05:32.789Z
GET /api/expertos?limit=50 - 2025-09-02T00:05:32.867Z
POST /api/usuarios/registro - 2025-09-02T00:06:12.239Z
Error en el proceso de registro: Error: Usuario validation failed: email: Por favor, introduce un correo electrónico válido.
    at ValidationError.inspect (/home/pc/Documentos/servitech/backend/node_modules/mongoose/lib/error/validation.js:52:26)
    at formatValue (node:internal/util/inspect:809:19)
    at inspect (node:internal/util/inspect:368:10)
    at formatWithOptionsInternal (node:internal/util/inspect:2307:40)
    at formatWithOptions (node:internal/util/inspect:2169:10)
    at console.value (node:internal/console/constructor:350:14)
    at console.warn (node:internal/console/constructor:383:61)
    at registrarUsuario (/home/pc/Documentos/servitech/backend/controllers/usuario.controller.js:154:13)
    at process.processTicksAndRejections (node:internal/process/task_queues:95:5) {
  errors: {
    email: ValidatorError: Por favor, introduce un correo electrónico válido.
        at validate (/home/pc/Documentos/servitech/backend/node_modules/mongoose/lib/schemaType.js:1407:13)
        at SchemaType.doValidate (/home/pc/Documentos/servitech/backend/node_modules/mongoose/lib/schemaType.js:1391:7)
        at /home/pc/Documentos/servitech/backend/node_modules/mongoose/lib/document.js:3105:18
        at process.processTicksAndRejections (node:internal/process/task_queues:77:11) {
      properties: [Object],
      kind: 'regexp',
      path: 'email',
      value: 'castro',
      reason: undefined,
      [Symbol(mongoose#validatorError)]: true
    }
  },
  _message: 'Usuario validation failed'
}
POST /api/usuarios/registro - 2025-09-02T00:06:59.005Z
PUT /api/usuarios/castro1%40gmail.com - 2025-09-02T00:06:59.277Z
actualizarUsuarioPorEmailAdmin: updateOne result: {
  acknowledged: true,
  modifiedCount: 1,
  upsertedId: null,
  upsertedCount: 0,
  matchedCount: 1
}
GET /api/usuarios/expertos?page=1&limit=7 - 2025-09-02T00:06:59.618Z
GET /api/categorias - 2025-09-02T00:06:59.666Z
GET /api/expertos?limit=50 - 2025-09-02T00:06:59.751Z
GET /api/categorias - 2025-09-02T00:07:02.654Z
GET /api/expertos?limit=50 - 2025-09-02T00:07:02.734Z
GET /api/categorias - 2025-09-02T00:07:20.135Z
GET /api/expertos?limit=50 - 2025-09-02T00:07:20.217Z
GET /api/categorias - 2025-09-02T00:09:20.388Z
GET /api/expertos?limit=50 - 2025-09-02T00:09:20.469Z
GET /api/categorias - 2025-09-02T00:10:09.825Z
GET /api/expertos?limit=50 - 2025-09-02T00:10:09.907Z
GET /api/categorias - 2025-09-02T00:11:01.512Z
GET /api/expertos?limit=50 - 2025-09-02T00:11:01.596Z
GET /api/categorias - 2025-09-02T00:11:14.405Z
GET /api/expertos?limit=50 - 2025-09-02T00:11:14.484Z
GET /api/habilidades - 2025-09-02T00:12:48.572Z
GET /api/categorias - 2025-09-02T00:12:48.656Z
GET /api/dev/expertos-populados?limit=50 - 2025-09-02T00:12:48.747Z
GET /api/categorias - 2025-09-02T00:12:50.964Z
GET /api/categorias - 2025-09-02T00:12:50.972Z
GET /api/usuarios/expertos?page=1&limit=7 - 2025-09-02T00:12:51.052Z
POST /api/usuarios/registro - 2025-09-02T00:13:45.252Z
PUT /api/usuarios/castro2%40gmail.com - 2025-09-02T00:13:45.487Z
actualizarUsuarioPorEmailAdmin: updateOne result: {
  acknowledged: true,
  modifiedCount: 1,
  upsertedId: null,
  upsertedCount: 0,
  matchedCount: 1
}
GET /api/usuarios/castro2%40gmail.com - 2025-09-02T00:13:45.858Z
GET /api/categorias - 2025-09-02T00:13:45.913Z
GET /api/expertos?limit=50 - 2025-09-02T00:13:46.006Z
GET /api/usuarios/expertos?page=1&limit=7 - 2025-09-02T00:13:46.038Z
GET /api/categorias - 2025-09-02T00:13:48.869Z
GET /api/expertos?limit=50 - 2025-09-02T00:13:48.949Z
GET /api/categorias - 2025-09-02T00:15:00.648Z
GET /api/expertos?limit=50 - 2025-09-02T00:15:00.729Z
GET /api/categorias - 2025-09-02T00:15:15.968Z
GET /api/expertos?limit=50 - 2025-09-02T00:15:16.081Z
GET /api/categorias - 2025-09-02T00:15:44.041Z
GET /api/expertos?limit=50 - 2025-09-02T00:15:44.122Z
GET /api/categorias - 2025-09-02T00:15:46.134Z
GET /api/expertos?limit=50 - 2025-09-02T00:15:46.215Z
GET /api/categorias - 2025-09-02T00:15:59.434Z
GET /api/expertos?limit=50 - 2025-09-02T00:15:59.514Z
GET /api/categorias - 2025-09-02T00:16:40.115Z
GET /api/expertos?limit=50 - 2025-09-02T00:16:40.197Z
GET /api/categorias - 2025-09-02T00:16:49.556Z
GET /api/expertos?limit=50 - 2025-09-02T00:16:49.638Z
GET /api/categorias - 2025-09-02T00:17:04.039Z
GET /api/expertos?limit=50 - 2025-09-02T00:17:04.134Z
GET /api/categorias - 2025-09-02T00:17:28.239Z
GET /api/expertos?limit=50 - 2025-09-02T00:17:28.320Z
GET /api/categorias - 2025-09-02T00:18:20.272Z
GET /api/expertos?limit=50 - 2025-09-02T00:18:20.352Z
GET /api/categorias - 2025-09-02T00:18:25.703Z
GET /api/expertos?limit=50 - 2025-09-02T00:18:25.784Z
GET /api/categorias - 2025-09-02T00:18:40.351Z
GET /api/expertos?limit=50 - 2025-09-02T00:18:40.438Z
GET /api/categorias - 2025-09-02T00:18:45.131Z
GET /api/expertos?limit=50 - 2025-09-02T00:18:45.212Z
GET /api/categorias - 2025-09-02T00:18:52.262Z
GET /api/expertos?limit=50 - 2025-09-02T00:18:52.344Z
POST /api/dev/create-admin - 2025-09-02T00:18:58.361Z
GET /api/habilidades - 2025-09-02T00:19:02.989Z
GET /api/categorias - 2025-09-02T00:19:03.070Z
GET /api/dev/expertos-populados?limit=50 - 2025-09-02T00:19:03.156Z
GET /api/categorias - 2025-09-02T00:19:05.348Z
GET /api/categorias - 2025-09-02T00:19:05.356Z
GET /api/usuarios/expertos?page=1&limit=7 - 2025-09-02T00:19:05.467Z
DELETE /api/usuarios/expertos/castro1%40gmail.com - 2025-09-02T00:19:11.025Z
GET /api/categorias - 2025-09-02T00:19:11.307Z
GET /api/usuarios/expertos?page=1&limit=7 - 2025-09-02T00:19:11.308Z
GET /api/expertos?limit=50 - 2025-09-02T00:19:11.388Z
GET /api/habilidades - 2025-09-02T00:19:12.922Z
GET /api/categorias - 2025-09-02T00:19:13.001Z
GET /api/dev/expertos-populados?limit=50 - 2025-09-02T00:19:13.081Z
GET /api/categorias - 2025-09-02T00:19:15.179Z
GET /api/categorias - 2025-09-02T00:19:15.233Z
GET /api/categorias - 2025-09-02T00:19:15.234Z
GET /api/expertos?limit=50 - 2025-09-02T00:19:15.262Z
GET /api/usuarios/expertos?page=1&limit=7 - 2025-09-02T00:19:15.320Z
GET /api/habilidades - 2025-09-02T00:20:16.250Z
GET /api/categorias - 2025-09-02T00:20:16.327Z
GET /api/dev/expertos-populados?limit=50 - 2025-09-02T00:20:16.406Z
GET /api/categorias - 2025-09-02T00:20:18.420Z
GET /api/expertos?limit=50 - 2025-09-02T00:20:18.501Z
GET /api/categorias - 2025-09-02T00:20:18.506Z
GET /api/categorias - 2025-09-02T00:20:18.531Z
GET /api/usuarios/expertos?page=1&limit=7 - 2025-09-02T00:20:18.615Z
GET /api/categorias - 2025-09-02T00:20:27.165Z
GET /api/expertos?limit=50 - 2025-09-02T00:20:27.295Z
GET /api/categorias - 2025-09-02T00:22:55.108Z
GET /api/expertos?limit=50 - 2025-09-02T00:22:55.189Z
GET /api/categorias - 2025-09-02T00:23:10.268Z
GET /api/expertos?limit=50 - 2025-09-02T00:23:10.355Z
GET /api/categorias - 2025-09-02T00:23:33.482Z
GET /api/expertos?limit=50 - 2025-09-02T00:23:33.565Z
GET /api/categorias - 2025-09-02T00:25:42.016Z
GET /api/expertos?limit=50 - 2025-09-02T00:25:42.102Z
GET /api/categorias - 2025-09-02T00:25:49.730Z
GET /api/expertos?limit=50 - 2025-09-02T00:25:49.811Z
GET /api/categorias - 2025-09-02T00:29:09.823Z
GET /api/expertos?limit=50 - 2025-09-02T00:29:09.913Z
GET /api/categorias - 2025-09-02T00:29:15.021Z
GET /api/expertos?limit=50 - 2025-09-02T00:29:15.105Z
GET /api/categorias - 2025-09-02T00:29:20.032Z
GET /api/expertos?limit=50 - 2025-09-02T00:29:20.113Z
GET /api/categorias - 2025-09-02T00:29:47.863Z
GET /api/expertos?limit=50 - 2025-09-02T00:29:47.979Z
GET /api/categorias - 2025-09-02T00:30:21.047Z
GET /api/expertos?limit=50 - 2025-09-02T00:30:21.141Z
GET /api/categorias - 2025-09-02T00:31:27.931Z
GET /api/expertos?limit=50 - 2025-09-02T00:31:28.036Z
GET /api/categorias - 2025-09-02T00:31:34.929Z
GET /api/expertos?limit=50 - 2025-09-02T00:31:35.015Z
GET /api/categorias - 2025-09-02T00:31:46.186Z
GET /api/expertos?limit=50 - 2025-09-02T00:31:46.271Z
GET /api/categorias - 2025-09-02T00:33:50.553Z
GET /api/expertos?limit=50 - 2025-09-02T00:33:50.639Z
GET /api/categorias - 2025-09-02T00:36:22.971Z
GET /api/expertos?limit=50 - 2025-09-02T00:36:23.056Z
GET /api/categorias - 2025-09-02T00:36:46.412Z
GET /api/expertos?limit=50 - 2025-09-02T00:36:46.492Z
GET /api/categorias - 2025-09-02T00:37:38.667Z
GET /api/expertos?limit=50 - 2025-09-02T00:37:38.776Z
GET /api/categorias - 2025-09-02T00:38:20.853Z
GET /api/expertos?limit=50 - 2025-09-02T00:38:20.933Z
GET /api/categorias - 2025-09-02T00:38:40.756Z
GET /api/expertos?limit=50 - 2025-09-02T00:38:40.841Z
GET /api/categorias - 2025-09-02T00:38:49.876Z
GET /api/expertos?limit=50 - 2025-09-02T00:38:49.957Z
GET /api/categorias - 2025-09-02T00:40:49.355Z
GET /api/expertos?limit=50 - 2025-09-02T00:40:49.440Z
GET /api/categorias - 2025-09-02T00:41:28.985Z
GET /api/expertos?limit=50 - 2025-09-02T00:41:29.102Z
GET /api/categorias - 2025-09-02T00:41:30.593Z
GET /api/expertos?limit=50 - 2025-09-02T00:41:30.672Z
GET /api/categorias - 2025-09-02T00:41:42.729Z
GET /api/expertos?limit=50 - 2025-09-02T00:41:42.816Z
GET /api/categorias - 2025-09-02T00:42:56.356Z
GET /api/expertos?limit=50 - 2025-09-02T00:42:56.444Z
GET /api/categorias - 2025-09-02T00:43:59.871Z
GET /api/expertos?limit=50 - 2025-09-02T00:43:59.975Z
GET /api/categorias - 2025-09-02T00:44:35.432Z
GET /api/expertos?limit=50 - 2025-09-02T00:44:35.517Z
GET /api/categorias - 2025-09-02T00:46:18.218Z
GET /api/expertos?limit=50 - 2025-09-02T00:46:18.299Z
GET /api/categorias - 2025-09-02T00:47:02.342Z
GET /api/expertos?limit=50 - 2025-09-02T00:47:02.428Z
GET /api/categorias - 2025-09-02T00:47:17.674Z
GET /api/expertos?limit=50 - 2025-09-02T00:47:17.757Z
GET /api/categorias - 2025-09-02T00:47:59.469Z
GET /api/expertos?limit=50 - 2025-09-02T00:47:59.555Z
GET /api/categorias - 2025-09-02T00:48:20.385Z
GET /api/expertos?limit=50 - 2025-09-02T00:48:20.467Z
GET /api/categorias - 2025-09-02T00:48:25.269Z
GET /api/expertos?limit=50 - 2025-09-02T00:48:25.360Z
GET /api/categorias - 2025-09-02T00:48:53.488Z
GET /api/expertos?limit=50 - 2025-09-02T00:48:53.567Z
GET /api/categorias - 2025-09-02T00:49:19.823Z
GET /api/expertos?limit=50 - 2025-09-02T00:49:19.903Z
GET /api/categorias - 2025-09-02T00:50:22.098Z
GET /api/expertos?limit=50 - 2025-09-02T00:50:22.179Z
GET /api/categorias - 2025-09-02T00:50:35.205Z
GET /api/expertos?limit=50 - 2025-09-02T00:50:35.284Z
GET /api/categorias - 2025-09-02T00:51:10.767Z
GET /api/expertos?limit=50 - 2025-09-02T00:51:10.855Z
GET /api/categorias - 2025-09-02T00:52:25.357Z
GET /api/expertos?limit=50 - 2025-09-02T00:52:25.438Z
GET /api/categorias - 2025-09-02T00:53:12.618Z
GET /api/expertos?limit=50 - 2025-09-02T00:53:12.698Z
GET /api/categorias - 2025-09-02T00:53:23.949Z
GET /api/expertos?limit=50 - 2025-09-02T00:53:24.089Z
GET /api/categorias - 2025-09-02T00:53:27.784Z
GET /api/expertos?limit=50 - 2025-09-02T00:53:27.875Z
GET /api/categorias - 2025-09-02T00:53:33.134Z
GET /api/expertos?limit=50 - 2025-09-02T00:53:33.213Z
GET /api/categorias - 2025-09-02T00:53:46.410Z
GET /api/expertos?limit=50 - 2025-09-02T00:53:46.496Z
GET /api/categorias - 2025-09-02T00:53:55.368Z
GET /api/expertos?limit=50 - 2025-09-02T00:53:55.449Z
GET /api/categorias - 2025-09-02T00:55:44.456Z
GET /api/expertos?limit=50 - 2025-09-02T00:55:44.537Z
GET /api/categorias - 2025-09-02T00:59:44.936Z
GET /api/expertos?limit=50 - 2025-09-02T00:59:45.016Z
GET /api/categorias - 2025-09-02T00:59:55.004Z
GET /api/expertos?limit=50 - 2025-09-02T00:59:55.085Z
GET /api/categorias - 2025-09-02T01:00:02.058Z
GET /api/expertos?limit=50 - 2025-09-02T01:00:02.138Z
GET /api/categorias - 2025-09-02T01:00:17.196Z
GET /api/expertos?limit=50 - 2025-09-02T01:00:17.321Z
GET /api/categorias - 2025-09-02T01:02:43.797Z
GET /api/expertos?limit=50 - 2025-09-02T01:02:43.888Z
GET /api/categorias - 2025-09-02T01:04:08.927Z
GET /api/expertos?limit=50 - 2025-09-02T01:04:09.008Z
GET /api/categorias - 2025-09-02T01:04:47.977Z
GET /api/expertos?limit=50 - 2025-09-02T01:04:48.063Z
GET /api/categorias - 2025-09-02T01:04:49.826Z
GET /api/expertos?limit=50 - 2025-09-02T01:04:49.909Z
GET /api/categorias - 2025-09-02T01:05:32.662Z
GET /api/expertos?limit=50 - 2025-09-02T01:05:32.757Z
GET /api/categorias - 2025-09-02T01:05:34.315Z
GET /api/expertos?limit=50 - 2025-09-02T01:05:34.394Z
GET /api/categorias - 2025-09-02T01:06:48.134Z
GET /api/expertos?limit=50 - 2025-09-02T01:06:48.231Z
GET /api/categorias - 2025-09-02T01:06:57.592Z
GET /api/expertos?limit=50 - 2025-09-02T01:06:57.680Z
GET /api/categorias - 2025-09-02T01:09:31.657Z
GET /api/expertos?limit=50 - 2025-09-02T01:09:31.743Z
GET /api/categorias - 2025-09-02T01:09:33.281Z
GET /api/expertos?limit=50 - 2025-09-02T01:09:33.362Z
