
> servitech-frontend@1.0.0 start
> node server.js

Not using Redis session store; using default memory store
Servidor Servitech escuchando en http://localhost:3001
Proxy manual: GET /categorias -> http://localhost:3000/api/categorias
Proxy: sesión con token detectado (len=171) prefix=eyJhbGciOi
Proxy manual: GET /usuarios/expertos?page=1&limit=7 -> http://localhost:3000/api/usuarios/expertos?page=1&limit=7
Proxy: sesión con token detectado (len=171) prefix=eyJhbGciOi
Proxy manual: GET /categorias -> http://localhost:3000/api/categorias
Proxy: sesión con token detectado (len=171) prefix=eyJhbGciOi
Proxy manual: GET /usuarios/expertos?page=1&limit=7 -> http://localhost:3000/api/usuarios/expertos?page=1&limit=7
Proxy: sesión con token detectado (len=171) prefix=eyJhbGciOi
Proxy manual: POST /usuarios/registro -> http://localhost:3000/api/usuarios/registro
Proxy manual: PUT /usuarios/ui_flow_test.1756683020@example.com -> http://localhost:3000/api/usuarios/ui_flow_test.1756683020@example.com
Proxy manual: GET /categorias -> http://localhost:3000/api/categorias
Proxy: sesión con token detectado (len=171) prefix=eyJhbGciOi
Proxy manual: GET /usuarios/expertos?page=1&limit=7 -> http://localhost:3000/api/usuarios/expertos?page=1&limit=7
Proxy: sesión con token detectado (len=171) prefix=eyJhbGciOi
Proxy manual: POST /usuarios/registro -> http://localhost:3000/api/usuarios/registro
Proxy: sesión con token detectado (len=171) prefix=eyJhbGciOi
Proxy manual: PUT /usuarios/28%40gmail.com -> http://localhost:3000/api/usuarios/28%40gmail.com
Proxy: sesión con token detectado (len=171) prefix=eyJhbGciOi
Proxy manual: GET /usuarios/expertos?page=1&limit=7 -> http://localhost:3000/api/usuarios/expertos?page=1&limit=7
Proxy: sesión con token detectado (len=171) prefix=eyJhbGciOi
Proxy manual: GET /usuarios/expertos?page=2&limit=7 -> http://localhost:3000/api/usuarios/expertos?page=2&limit=7
Proxy: sesión con token detectado (len=171) prefix=eyJhbGciOi
Proxy manual: GET /usuarios/expertos?page=2&limit=7 -> http://localhost:3000/api/usuarios/expertos?page=2&limit=7
Proxy: sesión con token detectado (len=171) prefix=eyJhbGciOi
Proxy manual: GET /usuarios/expertos?page=1&limit=7 -> http://localhost:3000/api/usuarios/expertos?page=1&limit=7
Proxy: sesión con token detectado (len=171) prefix=eyJhbGciOi
Proxy manual: DELETE /usuarios/expertos/25%40gmail.com -> http://localhost:3000/api/usuarios/expertos/25%40gmail.com
Proxy: sesión con token detectado (len=171) prefix=eyJhbGciOi
Proxy manual: GET /usuarios/expertos?page=1&limit=7 -> http://localhost:3000/api/usuarios/expertos?page=1&limit=7
Proxy: sesión con token detectado (len=171) prefix=eyJhbGciOi
Proxy manual: DELETE /usuarios/expertos/test.experto.1756681676%40example.com -> http://localhost:3000/api/usuarios/expertos/test.experto.1756681676%40example.com
Proxy: sesión con token detectado (len=171) prefix=eyJhbGciOi
Proxy manual: GET /usuarios/expertos?page=1&limit=7 -> http://localhost:3000/api/usuarios/expertos?page=1&limit=7
Proxy: sesión con token detectado (len=171) prefix=eyJhbGciOi
Proxy manual: DELETE /usuarios/expertos/test.experto.full.1756681730%40example.com -> http://localhost:3000/api/usuarios/expertos/test.experto.full.1756681730%40example.com
Proxy: sesión con token detectado (len=171) prefix=eyJhbGciOi
Proxy manual: GET /usuarios/expertos?page=1&limit=7 -> http://localhost:3000/api/usuarios/expertos?page=1&limit=7
Proxy: sesión con token detectado (len=171) prefix=eyJhbGciOi
Proxy manual: DELETE /usuarios/expertos/e2e.experto1.1756682038%40example.com -> http://localhost:3000/api/usuarios/expertos/e2e.experto1.1756682038%40example.com
Proxy: sesión con token detectado (len=171) prefix=eyJhbGciOi
Proxy manual: GET /usuarios/expertos?page=1&limit=7 -> http://localhost:3000/api/usuarios/expertos?page=1&limit=7
Proxy: sesión con token detectado (len=171) prefix=eyJhbGciOi
Proxy manual: DELETE /usuarios/expertos/e2e.experto2.1756682038%40example.com -> http://localhost:3000/api/usuarios/expertos/e2e.experto2.1756682038%40example.com
Proxy: sesión con token detectado (len=171) prefix=eyJhbGciOi
Proxy manual: GET /usuarios/expertos?page=1&limit=7 -> http://localhost:3000/api/usuarios/expertos?page=1&limit=7
Proxy: sesión con token detectado (len=171) prefix=eyJhbGciOi
Proxy manual: DELETE /usuarios/expertos/e2e.experto3.1756682038%40example.com -> http://localhost:3000/api/usuarios/expertos/e2e.experto3.1756682038%40example.com
Proxy: sesión con token detectado (len=171) prefix=eyJhbGciOi
Proxy manual: GET /usuarios/expertos?page=1&limit=7 -> http://localhost:3000/api/usuarios/expertos?page=1&limit=7
Proxy: sesión con token detectado (len=171) prefix=eyJhbGciOi
Proxy manual: DELETE /usuarios/expertos/registro.experto.full.1756682157%40example.com -> http://localhost:3000/api/usuarios/expertos/registro.experto.full.1756682157%40example.com
Proxy: sesión con token detectado (len=171) prefix=eyJhbGciOi
Proxy manual: GET /usuarios/expertos?page=1&limit=7 -> http://localhost:3000/api/usuarios/expertos?page=1&limit=7
Proxy: sesión con token detectado (len=171) prefix=eyJhbGciOi
Proxy manual: DELETE /usuarios/expertos/registro3.experto.full.1756682392%40example.com -> http://localhost:3000/api/usuarios/expertos/registro3.experto.full.1756682392%40example.com
Proxy: sesión con token detectado (len=171) prefix=eyJhbGciOi
Proxy manual: GET /usuarios/expertos?page=1&limit=7 -> http://localhost:3000/api/usuarios/expertos?page=1&limit=7
Proxy: sesión con token detectado (len=171) prefix=eyJhbGciOi
Proxy manual: POST /usuarios/registro -> http://localhost:3000/api/usuarios/registro
Proxy manual: GET /categorias -> http://localhost:3000/api/categorias
Proxy: sesión con token detectado (len=171) prefix=eyJhbGciOi
Proxy manual: GET /usuarios/expertos?page=1&limit=7 -> http://localhost:3000/api/usuarios/expertos?page=1&limit=7
Proxy: sesión con token detectado (len=171) prefix=eyJhbGciOi
Proxy manual: DELETE /usuarios/expertos/27%40gmail.com -> http://localhost:3000/api/usuarios/expertos/27%40gmail.com
Proxy: sesión con token detectado (len=171) prefix=eyJhbGciOi
Proxy manual: GET /usuarios/expertos?page=1&limit=7 -> http://localhost:3000/api/usuarios/expertos?page=1&limit=7
Proxy: sesión con token detectado (len=171) prefix=eyJhbGciOi
Proxy manual: DELETE /usuarios/expertos/ui.experto.test.1756682732%40example.com -> http://localhost:3000/api/usuarios/expertos/ui.experto.test.1756682732%40example.com
Proxy: sesión con token detectado (len=171) prefix=eyJhbGciOi
Proxy manual: GET /usuarios/expertos?page=1&limit=7 -> http://localhost:3000/api/usuarios/expertos?page=1&limit=7
Proxy: sesión con token detectado (len=171) prefix=eyJhbGciOi
Proxy manual: DELETE /usuarios/expertos/ui_flow_test.1756683020%40example.com -> http://localhost:3000/api/usuarios/expertos/ui_flow_test.1756683020%40example.com
Proxy: sesión con token detectado (len=171) prefix=eyJhbGciOi
Proxy manual: GET /usuarios/expertos?page=1&limit=7 -> http://localhost:3000/api/usuarios/expertos?page=1&limit=7
Proxy: sesión con token detectado (len=171) prefix=eyJhbGciOi
Proxy manual: GET /categorias -> http://localhost:3000/api/categorias
Proxy: sesión con token detectado (len=171) prefix=eyJhbGciOi
Proxy manual: GET /usuarios/expertos?page=1&limit=7 -> http://localhost:3000/api/usuarios/expertos?page=1&limit=7
Proxy: sesión con token detectado (len=171) prefix=eyJhbGciOi
Proxy manual: GET /categorias -> http://localhost:3000/api/categorias
Proxy: sesión con token detectado (len=171) prefix=eyJhbGciOi
Proxy manual: GET /usuarios/expertos?page=1&limit=7 -> http://localhost:3000/api/usuarios/expertos?page=1&limit=7
Proxy: sesión con token detectado (len=171) prefix=eyJhbGciOi
