2025-09-23T02:14:58.812Z | CREAR_PAGO | - | - | Resultado: Error: Pago validation failed: clienteId: Cast to ObjectId failed for value "eyJhbGciOiJIUzI1NiIsInR5cCI6IkpXVCJ9.eyJpZCI6IjY4ZDIwMDdkZTI4ZTg0NTZlYzRhYmQyMSIsImlhdCI6MTc1ODU5MzQ3NiwiZXhwIjoxNzU4NzY2Mjc2fQ.VKVRs_UH-FVdR5xlDjLajU5PMw4PCtXfuGBYAXhOn14" (type string) at path "clienteId" because of "BSONError", expertoId: Cast to ObjectId failed for value "eyJhbGciOiJIUzI1NiIsInR5cCI6IkpXVCJ9.eyJpZCI6IjY4ZDIwMTcyZTI4ZTg0NTZlYzRhYmQzMCIsImlhdCI6MTc1ODU5MzQzMiwiZXhwIjoxNzU4NzY2MjMyfQ.rRc8lUOGmlcGE6393nmKWfUYqJd8svp1QQgEMMP0bH8" (type string) at path "expertoId" because of "BSONError"
2025-09-23T02:15:34.403Z | CREAR_PAGO | - | - | Resultado: Error: Pago validation failed: clienteId: Cast to ObjectId failed for value "eyJhbGciOiJIUzI1NiIsInR5cCI6IkpXVCJ9.eyJpZCI6IjY4ZDIwMDdkZTI4ZTg0NTZlYzRhYmQyMSIsImlhdCI6MTc1ODU5MzQ3NiwiZXhwIjoxNzU4NzY2Mjc2fQ.VKVRs_UH-FVdR5xlDjLajU5PMw4PCtXfuGBYAXhOn14" (type string) at path "clienteId" because of "BSONError", expertoId: Cast to ObjectId failed for value "eyJhbGciOiJIUzI1NiIsInR5cCI6IkpXVCJ9.eyJpZCI6IjY4ZDIwMTcyZTI4ZTg0NTZlYzRhYmQzMCIsImlhdCI6MTc1ODU5MzQzMiwiZXhwIjoxNzU4NzY2MjMyfQ.rRc8lUOGmlcGE6393nmKWfUYqJd8svp1QQgEMMP0bH8" (type string) at path "expertoId" because of "BSONError"
2025-09-23T02:22:55.256Z | CREAR_PAGO | - | - | Resultado: Exito
2025-09-23T03:21:34.691Z | CREAR_PAGO | dianacjj23@gmail.com | Diana Cliente | Resultado: Exito
2025-09-23T05:27:34.217Z | CREAR_PAGO | dianacjj23@gmail.com | Diana Cliente | Resultado: Exito
2025-09-23T05:36:07.748Z | CREAR_PAGO | dianacjj23@gmail.com | Diana Cliente | Resultado: Exito
2025-09-23T05:36:59.135Z | CREAR_PAGO | dianacjj23@gmail.com | Diana Cliente | Resultado: Exito
2025-09-23T05:41:39.621Z | CREAR_PAGO | dianacjj23@gmail.com | Diana Cliente | Resultado: Exito
2025-09-23T06:00:43.383Z | CREAR_PAGO | dianacjj23@gmail.com | Diana Cliente | Resultado: Exito
2025-09-23T07:14:51.093Z | CREAR_PAGO | cliente@correo.com | Diana Cliente | Resultado: Exito
2025-09-23T20:12:46.060Z | CREAR_PAGO | cliente@correo.com | Diana Cliente | Resultado: Exito
2025-09-23T20:20:59.107Z | CREAR_PAGO | cliente@correo.com | Diana Cliente | Resultado: Exito
2025-09-23T20:21:11.624Z | CREAR_PAGO | cliente@correo.com | Diana Cliente | Resultado: Exito
2025-09-23T20:21:59.091Z | CREAR_PAGO | dianacjj23@gmail.com | Diana Cliente | Resultado: Exito
2025-09-23T20:31:41.932Z | CREAR_PAGO | dianacjj23@gmail.com | Diana Cliente | Resultado: Exito
2025-09-24T23:33:45.636Z | CREAR_PAGO | dianacjj23@gmail.com | - | Resultado: Error: Pago validation failed: comisionPlataforma: Path `comisionPlataforma` is required., montoExperto: Path `montoExperto` is required.
2025-09-24T23:35:45.117Z | CREAR_PAGO | dianacjj23@gmail.com | - | Resultado: Error: Pago validation failed: comisionPlataforma: Path `comisionPlataforma` is required., montoExperto: Path `montoExperto` is required.
2025-09-24T23:35:58.453Z | CREAR_PAGO | dianacjj23@gmail.com | - | Resultado: Error: Pago validation failed: comisionPlataforma: Path `comisionPlataforma` is required., montoExperto: Path `montoExperto` is required.
2025-09-24T23:39:21.246Z | CREAR_PAGO | dianacjj23@gmail.com | - | Resultado: Exito
2025-09-24T23:43:04.110Z | CREAR_PAGO | dianacjj23@gmail.com | - | Resultado: Exito
2025-09-25T01:51:55.811Z | CREAR_PAGO | dianacjj23@gmail.com | - | Resultado: Exito
2025-09-25T01:54:44.158Z | CREAR_PAGO | dianacjj23@gmail.com | - | Resultado: Exito
2025-09-25T02:25:18.612Z | CREAR_PAGO | dianacjj23@gmail.com | - | Resultado: Exito
2025-09-25T02:31:41.042Z | CREAR_PAGO | dianacjj23@gmail.com | - | Resultado: Exito
2025-09-25T02:42:45.385Z | CREAR_PAGO | dianacjj23@gmail.com | - | Resultado: Exito
2025-09-25T16:59:31.435Z | CREAR_PAGO | dianacjj23@gmail.com | - | Resultado: Error: Pago validation failed: comisionPlataforma: Path `comisionPlataforma` is required., montoExperto: Path `montoExperto` is required.
2025-09-25T17:00:34.193Z | CREAR_PAGO | dianacjj23@gmail.com | - | Resultado: Exito
2025-09-25T17:11:20.347Z | CREAR_PAGO | dianacjj23@gmail.com | - | Resultado: Exito
